<?xml version="1.0" encoding="UTF-8"?>
<testng-results skipped="0" failed="0" ignored="0" total="0" passed="0">
  <reporter-output>
  </reporter-output>
  <suite name="tests.AppTest" duration-ms="10" started-at="2020-02-08T13:25:04 IST" finished-at="2020-02-08T13:25:04 IST">
    <groups>
    </groups>
    <test name="Command line test" duration-ms="10" started-at="2020-02-08T13:25:04 IST" finished-at="2020-02-08T13:25:04 IST">
    </test> <!-- Command line test -->
  </suite> <!-- tests.AppTest -->
</testng-results>
