<?xml version="1.0" encoding="UTF-8"?>
<testng-results skipped="0" failed="0" ignored="0" total="3" passed="3">
  <reporter-output>
  </reporter-output>
  <suite name="Suite" duration-ms="72988" started-at="2020-02-05T18:01:25 IST" finished-at="2020-02-05T18:02:38 IST">
    <groups>
    </groups>
    <test name="Test" duration-ms="72988" started-at="2020-02-05T18:01:25 IST" finished-at="2020-02-05T18:02:38 IST">
      <class name="tests.homepage">
        <test-method status="PASS" signature="home(java.lang.String, java.lang.String)[pri:0, instance:tests.homepage@18ba8c8]" name="home" duration-ms="18060" started-at="2020-02-05T18:01:25 IST" data-provider="getdata" finished-at="2020-02-05T18:01:43 IST">
          <params>
            <param index="0">
              <value>
                <![CDATA[mihirgandhi123]]>
              </value>
            </param>
            <param index="1">
              <value>
                <![CDATA[passion1]]>
              </value>
            </param>
          </params>
          <reporter-output>
          </reporter-output>
        </test-method> <!-- home -->
        <test-method status="PASS" signature="home(java.lang.String, java.lang.String)[pri:0, instance:tests.homepage@18ba8c8]" name="home" duration-ms="22763" started-at="2020-02-05T18:01:43 IST" data-provider="getdata" finished-at="2020-02-05T18:02:06 IST">
          <params>
            <param index="0">
              <value>
                <![CDATA[priyankgandhi123]]>
              </value>
            </param>
            <param index="1">
              <value>
                <![CDATA[passion2]]>
              </value>
            </param>
          </params>
          <reporter-output>
          </reporter-output>
        </test-method> <!-- home -->
        <test-method status="PASS" signature="closure()[pri:0, instance:tests.homepage@18ba8c8]" name="closure" is-config="true" duration-ms="1192" started-at="2020-02-05T18:02:35 IST" finished-at="2020-02-05T18:02:36 IST">
          <reporter-output>
          </reporter-output>
        </test-method> <!-- closure -->
      </class> <!-- tests.homepage -->
      <class name="tests.validateTitle">
        <test-method status="PASS" signature="home()[pri:0, instance:tests.validateTitle@1bb137d]" name="home" duration-ms="29228" started-at="2020-02-05T18:02:06 IST" finished-at="2020-02-05T18:02:35 IST">
          <reporter-output>
          </reporter-output>
        </test-method> <!-- home -->
        <test-method status="PASS" signature="closure()[pri:0, instance:tests.validateTitle@1bb137d]" name="closure" is-config="true" duration-ms="1577" started-at="2020-02-05T18:02:36 IST" finished-at="2020-02-05T18:02:38 IST">
          <reporter-output>
          </reporter-output>
        </test-method> <!-- closure -->
      </class> <!-- tests.validateTitle -->
    </test> <!-- Test -->
  </suite> <!-- Suite -->
</testng-results>
